{
  "stats": {
    "suites": 1,
    "tests": 8,
    "passes": 8,
    "pending": 0,
    "failures": 0,
    "start": "2020-11-19T07:08:24.803Z",
    "end": "2020-11-19T07:09:16.595Z",
    "duration": 51792,
    "testsRegistered": 8,
    "passPercent": 100,
    "pendingPercent": 0,
    "other": 0,
    "hasOther": false,
    "skipped": 0,
    "hasSkipped": false
  },
  "results": [
    {
      "uuid": "8609f2e4-bf57-4c16-9f2e-9f06317216e4",
      "title": "",
      "fullFile": "cypress\\integration\\TestSuite\\LoginFunctionalities.spec.js",
      "file": "cypress\\integration\\TestSuite\\LoginFunctionalities.spec.js",
      "beforeHooks": [],
      "afterHooks": [],
      "tests": [],
      "suites": [
        {
          "uuid": "6d2cdfaa-0e22-40eb-847e-7fa9f82cd70f",
          "title": "Login suite",
          "fullFile": "",
          "file": "",
          "beforeHooks": [],
          "afterHooks": [],
          "tests": [
            {
              "title": "Login into BioConnect application with valid credentials",
              "fullTitle": "Login suite Login into BioConnect application with valid credentials",
              "timedOut": null,
              "duration": 13955,
              "state": "passed",
              "speed": "slow",
              "pass": true,
              "fail": false,
              "pending": false,
              "context": null,
              "code": "loginPage.enterUsernameAndPassword(this.data.subDomain, this.data.username, this.data.password);\nloginPage.clickOnLogin();\nuserManagementPage.verifyLogin();\nuserManagementPage.logoutFromApplication();",
              "err": {},
              "uuid": "6990d730-2d5f-49f0-b91e-a3c1fb5d44a1",
              "parentUUID": "6d2cdfaa-0e22-40eb-847e-7fa9f82cd70f",
              "isHook": false,
              "skipped": false
            },
            {
              "title": "Login into BioConnect application with invalid subdomain",
              "fullTitle": "Login suite Login into BioConnect application with invalid subdomain",
              "timedOut": null,
              "duration": 4140,
              "state": "passed",
              "speed": "slow",
              "pass": true,
              "fail": false,
              "pending": false,
              "context": null,
              "code": "loginPage.enterUsernameAndPassword(this.data.invalidsubDomain, this.data.username, this.data.password);\nloginPage.clickOnLogin();\nloginPage.verifyLoginError(this.data.errorMessage);",
              "err": {},
              "uuid": "a6687d90-7f71-433d-890a-0d49a9769256",
              "parentUUID": "6d2cdfaa-0e22-40eb-847e-7fa9f82cd70f",
              "isHook": false,
              "skipped": false
            },
            {
              "title": "Login into BioConnect application with invalid password",
              "fullTitle": "Login suite Login into BioConnect application with invalid password",
              "timedOut": null,
              "duration": 3869,
              "state": "passed",
              "speed": "slow",
              "pass": true,
              "fail": false,
              "pending": false,
              "context": null,
              "code": "loginPage.enterUsernameAndPassword(this.data.subDomain, this.data.username, this.data.invalidPassword);\nloginPage.clickOnLogin();\nloginPage.verifyLoginError(this.data.errorMessage);",
              "err": {},
              "uuid": "d9ce63b2-80c1-4707-a230-ecc7eed2e318",
              "parentUUID": "6d2cdfaa-0e22-40eb-847e-7fa9f82cd70f",
              "isHook": false,
              "skipped": false
            },
            {
              "title": "Login into BioConnect application with invalid userName",
              "fullTitle": "Login suite Login into BioConnect application with invalid userName",
              "timedOut": null,
              "duration": 4988,
              "state": "passed",
              "speed": "slow",
              "pass": true,
              "fail": false,
              "pending": false,
              "context": null,
              "code": "loginPage.enterUsernameAndPassword(this.data.subDomain, this.data.invalidUsername, this.data.password);\nloginPage.clickOnLogin();\nloginPage.verifyLoginError(this.data.errorMessage);",
              "err": {},
              "uuid": "0866bf8a-a23c-4020-a578-6a38eb3d36f8",
              "parentUUID": "6d2cdfaa-0e22-40eb-847e-7fa9f82cd70f",
              "isHook": false,
              "skipped": false
            },
            {
              "title": "Login into BioConnect application with empty fields",
              "fullTitle": "Login suite Login into BioConnect application with empty fields",
              "timedOut": null,
              "duration": 1224,
              "state": "passed",
              "speed": "slow",
              "pass": true,
              "fail": false,
              "pending": false,
              "context": null,
              "code": "loginPage.clickOnLogin();\nloginPage.verifyLoginError(this.data.errorMessageForEmptyFields);",
              "err": {},
              "uuid": "5b8df349-ff0a-4ba7-9669-ad27e160fdb5",
              "parentUUID": "6d2cdfaa-0e22-40eb-847e-7fa9f82cd70f",
              "isHook": false,
              "skipped": false
            },
            {
              "title": "Login into BioConnect application with Naughty Strings into login fields",
              "fullTitle": "Login suite Login into BioConnect application with Naughty Strings into login fields",
              "timedOut": null,
              "duration": 2677,
              "state": "passed",
              "speed": "slow",
              "pass": true,
              "fail": false,
              "pending": false,
              "context": null,
              "code": "loginPage.enterUsernameAndPassword(this.data.naughtyString, this.data.naughtyString, this.data.naughtyString);\nloginPage.clickOnLogin();\nloginPage.verifyLoginError(this.data.errorMessage);",
              "err": {},
              "uuid": "97c2ee68-1cee-46e5-96ad-e174eb22fe2e",
              "parentUUID": "6d2cdfaa-0e22-40eb-847e-7fa9f82cd70f",
              "isHook": false,
              "skipped": false
            },
            {
              "title": "Press the \"System Health\" link and verify link redirects to page,status on the \"System Health\" page and click on signin to back to login page",
              "fullTitle": "Login suite Press the \"System Health\" link and verify link redirects to page,status on the \"System Health\" page and click on signin to back to login page",
              "timedOut": null,
              "duration": 2843,
              "state": "passed",
              "speed": "slow",
              "pass": true,
              "fail": false,
              "pending": false,
              "context": null,
              "code": "loginPage.clickonSystemHealthLink();\nstatusPage.verifySystemHealthPage();\nstatusPage.verfiyStatusMessage();\nstatusPage.clickOnSignIn();\nloginPage.verifySignInPage();",
              "err": {},
              "uuid": "32d5df7c-6ec2-4d64-b50f-5628c6616dcf",
              "parentUUID": "6d2cdfaa-0e22-40eb-847e-7fa9f82cd70f",
              "isHook": false,
              "skipped": false
            },
            {
              "title": "Press the \"Logout\" link and verify link redirects to login page",
              "fullTitle": "Login suite Press the \"Logout\" link and verify link redirects to login page",
              "timedOut": null,
              "duration": 6971,
              "state": "passed",
              "speed": "slow",
              "pass": true,
              "fail": false,
              "pending": false,
              "context": null,
              "code": "loginPage.enterUsernameAndPassword(this.data.subDomain, this.data.username, this.data.password);\nloginPage.clickOnLogin();\nuserManagementPage.verifyLogin();\nuserManagementPage.logoutFromApplication();\nloginPage.verifySignInPage();",
              "err": {},
              "uuid": "943fe27b-61da-41b2-8cfd-e3b4c9fa629f",
              "parentUUID": "6d2cdfaa-0e22-40eb-847e-7fa9f82cd70f",
              "isHook": false,
              "skipped": false
            }
          ],
          "suites": [],
          "passes": [
            "6990d730-2d5f-49f0-b91e-a3c1fb5d44a1",
            "a6687d90-7f71-433d-890a-0d49a9769256",
            "d9ce63b2-80c1-4707-a230-ecc7eed2e318",
            "0866bf8a-a23c-4020-a578-6a38eb3d36f8",
            "5b8df349-ff0a-4ba7-9669-ad27e160fdb5",
            "97c2ee68-1cee-46e5-96ad-e174eb22fe2e",
            "32d5df7c-6ec2-4d64-b50f-5628c6616dcf",
            "943fe27b-61da-41b2-8cfd-e3b4c9fa629f"
          ],
          "failures": [],
          "pending": [],
          "skipped": [],
          "duration": 40667,
          "root": false,
          "rootEmpty": false,
          "_timeout": 2000
        }
      ],
      "passes": [],
      "failures": [],
      "pending": [],
      "skipped": [],
      "duration": 0,
      "root": true,
      "rootEmpty": true,
      "_timeout": 2000
    }
  ],
  "meta": {
    "mocha": {
      "version": "7.0.1"
    },
    "mochawesome": {
      "options": {
        "quiet": false,
        "reportFilename": "index",
        "saveHtml": true,
        "saveJson": true,
        "consoleReporter": "spec",
        "useInlineDiffs": false,
        "code": true
      },
      "version": "6.1.1"
    },
    "marge": {
      "options": {
        "reportDir": "cypress/reports/mocha",
        "reportFilename": "index",
        "overwrite": false,
        "html": true,
        "json": true,
        "charts": true
      },
      "version": "5.1.0"
    }
  }
}