{
  "stats": {
    "suites": 1,
    "tests": 6,
    "passes": 6,
    "pending": 0,
    "failures": 0,
    "start": "2020-12-01T15:07:30.825Z",
    "end": "2020-12-01T15:07:53.735Z",
    "duration": 22910,
    "testsRegistered": 6,
    "passPercent": 100,
    "pendingPercent": 0,
    "other": 0,
    "hasOther": false,
    "skipped": 0,
    "hasSkipped": false
  },
  "results": [
    {
      "uuid": "5b4a7563-bc9f-407b-b4a7-2191765221d2",
      "title": "",
      "fullFile": "cypress\\integration\\TestSuite\\AuthenticationFunctionalities.js",
      "file": "cypress\\integration\\TestSuite\\AuthenticationFunctionalities.js",
      "beforeHooks": [],
      "afterHooks": [],
      "tests": [],
      "suites": [
        {
          "uuid": "bf1b79e5-d516-425c-80dd-5099caadc832",
          "title": "Authentication suite",
          "fullFile": "",
          "file": "",
          "beforeHooks": [],
          "afterHooks": [],
          "tests": [
            {
              "title": "Navigate to Authentication Management page and verify Page details",
              "fullTitle": "Authentication suite Navigate to Authentication Management page and verify Page details",
              "timedOut": null,
              "duration": 6274,
              "state": "passed",
              "speed": "slow",
              "pass": true,
              "fail": false,
              "pending": false,
              "context": null,
              "code": "authenticationPage.verifyAuthenticationManagementPage();",
              "err": {},
              "uuid": "4eee7da6-7a45-4891-9926-08dd69389d94",
              "parentUUID": "bf1b79e5-d516-425c-80dd-5099caadc832",
              "isHook": false,
              "skipped": false
            },
            {
              "title": "Navigate to ACM tab and verify the details",
              "fullTitle": "Authentication suite Navigate to ACM tab and verify the details",
              "timedOut": null,
              "duration": 690,
              "state": "passed",
              "speed": "slow",
              "pass": true,
              "fail": false,
              "pending": false,
              "context": null,
              "code": "authenticationPage.clickOnACMAndVerify();",
              "err": {},
              "uuid": "0a2abd5c-c65a-417b-b044-b5e89ecef789",
              "parentUUID": "bf1b79e5-d516-425c-80dd-5099caadc832",
              "isHook": false,
              "skipped": false
            },
            {
              "title": "verify contact us mailto",
              "fullTitle": "Authentication suite verify contact us mailto",
              "timedOut": null,
              "duration": 54,
              "state": "passed",
              "speed": "medium",
              "pass": true,
              "fail": false,
              "pending": false,
              "context": null,
              "code": "authenticationPage.clickOnContactUSAndVerify();",
              "err": {},
              "uuid": "18729b87-2ac3-4d82-b09a-12c02ea012e7",
              "parentUUID": "bf1b79e5-d516-425c-80dd-5099caadc832",
              "isHook": false,
              "skipped": false
            },
            {
              "title": "verify BC authenticator is activated or not",
              "fullTitle": "Authentication suite verify BC authenticator is activated or not",
              "timedOut": null,
              "duration": 987,
              "state": "passed",
              "speed": "slow",
              "pass": true,
              "fail": false,
              "pending": false,
              "context": null,
              "code": "authenticationPage.clickOnAuthenticatorsTab();\nauthenticationPage.activateBC();\nauthenticationPage.verifyActivatedBC();",
              "err": {},
              "uuid": "6eed6d65-f918-44be-a6f9-8956c759b913",
              "parentUUID": "bf1b79e5-d516-425c-80dd-5099caadc832",
              "isHook": false,
              "skipped": false
            },
            {
              "title": "verify SMS authenticator is activated or not",
              "fullTitle": "Authentication suite verify SMS authenticator is activated or not",
              "timedOut": null,
              "duration": 2353,
              "state": "passed",
              "speed": "slow",
              "pass": true,
              "fail": false,
              "pending": false,
              "context": null,
              "code": "authenticationPage.activateSMS();\nauthenticationPage.verifyActivatedSMS();",
              "err": {},
              "uuid": "15ebe258-f752-4c00-9cce-88f2ebbb89c2",
              "parentUUID": "bf1b79e5-d516-425c-80dd-5099caadc832",
              "isHook": false,
              "skipped": false
            },
            {
              "title": "verify SMS authenticator is deactivated or not",
              "fullTitle": "Authentication suite verify SMS authenticator is deactivated or not",
              "timedOut": null,
              "duration": 2355,
              "state": "passed",
              "speed": "slow",
              "pass": true,
              "fail": false,
              "pending": false,
              "context": null,
              "code": "authenticationPage.deactivateSMS();\nauthenticationPage.verifyDeactivatedSMS();",
              "err": {},
              "uuid": "0df8c326-6ee3-4ac5-9a81-afc9ff0d9bef",
              "parentUUID": "bf1b79e5-d516-425c-80dd-5099caadc832",
              "isHook": false,
              "skipped": false
            }
          ],
          "suites": [],
          "passes": [
            "4eee7da6-7a45-4891-9926-08dd69389d94",
            "0a2abd5c-c65a-417b-b044-b5e89ecef789",
            "18729b87-2ac3-4d82-b09a-12c02ea012e7",
            "6eed6d65-f918-44be-a6f9-8956c759b913",
            "15ebe258-f752-4c00-9cce-88f2ebbb89c2",
            "0df8c326-6ee3-4ac5-9a81-afc9ff0d9bef"
          ],
          "failures": [],
          "pending": [],
          "skipped": [],
          "duration": 12713,
          "root": false,
          "rootEmpty": false,
          "_timeout": 2000
        }
      ],
      "passes": [],
      "failures": [],
      "pending": [],
      "skipped": [],
      "duration": 0,
      "root": true,
      "rootEmpty": true,
      "_timeout": 2000
    }
  ],
  "meta": {
    "mocha": {
      "version": "7.0.1"
    },
    "mochawesome": {
      "options": {
        "quiet": false,
        "reportFilename": "index",
        "saveHtml": true,
        "saveJson": true,
        "consoleReporter": "spec",
        "useInlineDiffs": false,
        "code": true
      },
      "version": "6.1.1"
    },
    "marge": {
      "options": {
        "reportDir": "cypress/reports/mocha",
        "reportFilename": "index",
        "overwrite": false,
        "html": true,
        "json": true,
        "charts": true
      },
      "version": "5.1.0"
    }
  }
}