{
  "stats": {
    "suites": 1,
    "tests": 8,
    "passes": 8,
    "pending": 0,
    "failures": 0,
    "start": "2020-12-01T15:11:18.326Z",
    "end": "2020-12-01T15:11:55.795Z",
    "duration": 37469,
    "testsRegistered": 8,
    "passPercent": 100,
    "pendingPercent": 0,
    "other": 0,
    "hasOther": false,
    "skipped": 0,
    "hasSkipped": false
  },
  "results": [
    {
      "uuid": "6f31c719-a71b-493f-ab8b-0980e7469392",
      "title": "",
      "fullFile": "cypress\\integration\\TestSuite\\LoginFunctionalities.spec.js",
      "file": "cypress\\integration\\TestSuite\\LoginFunctionalities.spec.js",
      "beforeHooks": [],
      "afterHooks": [],
      "tests": [],
      "suites": [
        {
          "uuid": "d029fbfb-72ce-4a32-8767-d9b2df69a9bf",
          "title": "Login suite",
          "fullFile": "",
          "file": "",
          "beforeHooks": [],
          "afterHooks": [],
          "tests": [
            {
              "title": "Login into BioConnect application with valid credentials",
              "fullTitle": "Login suite Login into BioConnect application with valid credentials",
              "timedOut": null,
              "duration": 8978,
              "state": "passed",
              "speed": "slow",
              "pass": true,
              "fail": false,
              "pending": false,
              "context": null,
              "code": "loginPage.enterUsernameAndPassword(this.data.subDomain, this.data.username, this.data.password);\nloginPage.clickOnLogin();\nuserManagementPage.verifyLogin();\nuserManagementPage.logoutFromApplication();",
              "err": {},
              "uuid": "374f669c-9111-4062-89b4-de381d817bde",
              "parentUUID": "d029fbfb-72ce-4a32-8767-d9b2df69a9bf",
              "isHook": false,
              "skipped": false
            },
            {
              "title": "Login into BioConnect application with invalid subdomain",
              "fullTitle": "Login suite Login into BioConnect application with invalid subdomain",
              "timedOut": null,
              "duration": 2443,
              "state": "passed",
              "speed": "slow",
              "pass": true,
              "fail": false,
              "pending": false,
              "context": null,
              "code": "loginPage.enterUsernameAndPassword(this.data.invalidsubDomain, this.data.username, this.data.password);\nloginPage.clickOnLogin();\nloginPage.verifyLoginError(this.data.errorMessage);",
              "err": {},
              "uuid": "e86a4d0a-528b-4cab-b770-7aaa523fbaeb",
              "parentUUID": "d029fbfb-72ce-4a32-8767-d9b2df69a9bf",
              "isHook": false,
              "skipped": false
            },
            {
              "title": "Login into BioConnect application with invalid password",
              "fullTitle": "Login suite Login into BioConnect application with invalid password",
              "timedOut": null,
              "duration": 2004,
              "state": "passed",
              "speed": "slow",
              "pass": true,
              "fail": false,
              "pending": false,
              "context": null,
              "code": "loginPage.enterUsernameAndPassword(this.data.subDomain, this.data.username, this.data.invalidPassword);\nloginPage.clickOnLogin();\nloginPage.verifyLoginError(this.data.errorMessage);",
              "err": {},
              "uuid": "b97e0398-a5b5-469a-a43c-25cff3c1a147",
              "parentUUID": "d029fbfb-72ce-4a32-8767-d9b2df69a9bf",
              "isHook": false,
              "skipped": false
            },
            {
              "title": "Login into BioConnect application with invalid userName",
              "fullTitle": "Login suite Login into BioConnect application with invalid userName",
              "timedOut": null,
              "duration": 1994,
              "state": "passed",
              "speed": "slow",
              "pass": true,
              "fail": false,
              "pending": false,
              "context": null,
              "code": "loginPage.enterUsernameAndPassword(this.data.subDomain, this.data.invalidUsername, this.data.password);\nloginPage.clickOnLogin();\nloginPage.verifyLoginError(this.data.errorMessage);",
              "err": {},
              "uuid": "be7e07ea-d88d-4b65-bca6-924d1450fec0",
              "parentUUID": "d029fbfb-72ce-4a32-8767-d9b2df69a9bf",
              "isHook": false,
              "skipped": false
            },
            {
              "title": "Login into BioConnect application with empty fields",
              "fullTitle": "Login suite Login into BioConnect application with empty fields",
              "timedOut": null,
              "duration": 1183,
              "state": "passed",
              "speed": "slow",
              "pass": true,
              "fail": false,
              "pending": false,
              "context": null,
              "code": "loginPage.clickOnLogin();\nloginPage.verifyLoginError(this.data.errorMessageForEmptyFields);",
              "err": {},
              "uuid": "15aa9914-ebee-42b6-adb3-b099a4534f9d",
              "parentUUID": "d029fbfb-72ce-4a32-8767-d9b2df69a9bf",
              "isHook": false,
              "skipped": false
            },
            {
              "title": "Login into BioConnect application with Naughty Strings into login fields",
              "fullTitle": "Login suite Login into BioConnect application with Naughty Strings into login fields",
              "timedOut": null,
              "duration": 3644,
              "state": "passed",
              "speed": "slow",
              "pass": true,
              "fail": false,
              "pending": false,
              "context": null,
              "code": "loginPage.enterUsernameAndPassword(this.data.naughtyString, this.data.naughtyString, this.data.naughtyString);\nloginPage.clickOnLogin();\nloginPage.verifyLoginError(this.data.errorMessage);",
              "err": {},
              "uuid": "d711c270-4801-4cb3-98bb-5e3457abef4e",
              "parentUUID": "d029fbfb-72ce-4a32-8767-d9b2df69a9bf",
              "isHook": false,
              "skipped": false
            },
            {
              "title": "Press the \"System Health\" link and verify link redirects to page,status on the \"System Health\" page and click on signin to back to login page",
              "fullTitle": "Login suite Press the \"System Health\" link and verify link redirects to page,status on the \"System Health\" page and click on signin to back to login page",
              "timedOut": null,
              "duration": 3874,
              "state": "passed",
              "speed": "slow",
              "pass": true,
              "fail": false,
              "pending": false,
              "context": null,
              "code": "loginPage.clickonSystemHealthLink();\nstatusPage.verifySystemHealthPage();\nstatusPage.verfiyStatusMessage();\nstatusPage.clickOnSignIn();\nloginPage.verifySignInPage();",
              "err": {},
              "uuid": "aedf8cc4-a442-4751-bd08-c56b45eb585a",
              "parentUUID": "d029fbfb-72ce-4a32-8767-d9b2df69a9bf",
              "isHook": false,
              "skipped": false
            },
            {
              "title": "Press the \"Logout\" link and verify link redirects to login page",
              "fullTitle": "Login suite Press the \"Logout\" link and verify link redirects to login page",
              "timedOut": null,
              "duration": 6797,
              "state": "passed",
              "speed": "slow",
              "pass": true,
              "fail": false,
              "pending": false,
              "context": null,
              "code": "loginPage.enterUsernameAndPassword(this.data.subDomain, this.data.username, this.data.password);\nloginPage.clickOnLogin();\nuserManagementPage.verifyLogin();\nuserManagementPage.logoutFromApplication();\nloginPage.verifySignInPage();",
              "err": {},
              "uuid": "30df1697-f33f-44dc-b384-7192a4fb61ec",
              "parentUUID": "d029fbfb-72ce-4a32-8767-d9b2df69a9bf",
              "isHook": false,
              "skipped": false
            }
          ],
          "suites": [],
          "passes": [
            "374f669c-9111-4062-89b4-de381d817bde",
            "e86a4d0a-528b-4cab-b770-7aaa523fbaeb",
            "b97e0398-a5b5-469a-a43c-25cff3c1a147",
            "be7e07ea-d88d-4b65-bca6-924d1450fec0",
            "15aa9914-ebee-42b6-adb3-b099a4534f9d",
            "d711c270-4801-4cb3-98bb-5e3457abef4e",
            "aedf8cc4-a442-4751-bd08-c56b45eb585a",
            "30df1697-f33f-44dc-b384-7192a4fb61ec"
          ],
          "failures": [],
          "pending": [],
          "skipped": [],
          "duration": 30917,
          "root": false,
          "rootEmpty": false,
          "_timeout": 2000
        }
      ],
      "passes": [],
      "failures": [],
      "pending": [],
      "skipped": [],
      "duration": 0,
      "root": true,
      "rootEmpty": true,
      "_timeout": 2000
    }
  ],
  "meta": {
    "mocha": {
      "version": "7.0.1"
    },
    "mochawesome": {
      "options": {
        "quiet": false,
        "reportFilename": "index",
        "saveHtml": true,
        "saveJson": true,
        "consoleReporter": "spec",
        "useInlineDiffs": false,
        "code": true
      },
      "version": "6.1.1"
    },
    "marge": {
      "options": {
        "reportDir": "cypress/reports/mocha",
        "reportFilename": "index",
        "overwrite": false,
        "html": true,
        "json": true,
        "charts": true
      },
      "version": "5.1.0"
    }
  }
}