{
  "stats": {
    "suites": 6,
    "tests": 37,
    "passes": 33,
    "pending": 0,
    "failures": 4,
    "start": "2020-12-01T15:07:01.363Z",
    "end": "2020-12-01T15:14:02.359Z",
    "duration": 319914,
    "testsRegistered": 37,
    "passPercent": 89.1891891891892,
    "pendingPercent": 0,
    "other": 0,
    "hasOther": false,
    "skipped": 0,
    "hasSkipped": false
  },
  "results": [
    {
      "uuid": "5b4a7563-bc9f-407b-b4a7-2191765221d2",
      "title": "",
      "fullFile": "cypress\\integration\\TestSuite\\AuthenticationFunctionalities.js",
      "file": "cypress\\integration\\TestSuite\\AuthenticationFunctionalities.js",
      "beforeHooks": [],
      "afterHooks": [],
      "tests": [],
      "suites": [
        {
          "uuid": "bf1b79e5-d516-425c-80dd-5099caadc832",
          "title": "Authentication suite",
          "fullFile": "",
          "file": "",
          "beforeHooks": [],
          "afterHooks": [],
          "tests": [
            {
              "title": "Navigate to Authentication Management page and verify Page details",
              "fullTitle": "Authentication suite Navigate to Authentication Management page and verify Page details",
              "timedOut": null,
              "duration": 6274,
              "state": "passed",
              "speed": "slow",
              "pass": true,
              "fail": false,
              "pending": false,
              "context": null,
              "code": "authenticationPage.verifyAuthenticationManagementPage();",
              "err": {},
              "uuid": "4eee7da6-7a45-4891-9926-08dd69389d94",
              "parentUUID": "bf1b79e5-d516-425c-80dd-5099caadc832",
              "isHook": false,
              "skipped": false
            },
            {
              "title": "Navigate to ACM tab and verify the details",
              "fullTitle": "Authentication suite Navigate to ACM tab and verify the details",
              "timedOut": null,
              "duration": 690,
              "state": "passed",
              "speed": "slow",
              "pass": true,
              "fail": false,
              "pending": false,
              "context": null,
              "code": "authenticationPage.clickOnACMAndVerify();",
              "err": {},
              "uuid": "0a2abd5c-c65a-417b-b044-b5e89ecef789",
              "parentUUID": "bf1b79e5-d516-425c-80dd-5099caadc832",
              "isHook": false,
              "skipped": false
            },
            {
              "title": "verify contact us mailto",
              "fullTitle": "Authentication suite verify contact us mailto",
              "timedOut": null,
              "duration": 54,
              "state": "passed",
              "speed": "medium",
              "pass": true,
              "fail": false,
              "pending": false,
              "context": null,
              "code": "authenticationPage.clickOnContactUSAndVerify();",
              "err": {},
              "uuid": "18729b87-2ac3-4d82-b09a-12c02ea012e7",
              "parentUUID": "bf1b79e5-d516-425c-80dd-5099caadc832",
              "isHook": false,
              "skipped": false
            },
            {
              "title": "verify BC authenticator is activated or not",
              "fullTitle": "Authentication suite verify BC authenticator is activated or not",
              "timedOut": null,
              "duration": 987,
              "state": "passed",
              "speed": "slow",
              "pass": true,
              "fail": false,
              "pending": false,
              "context": null,
              "code": "authenticationPage.clickOnAuthenticatorsTab();\nauthenticationPage.activateBC();\nauthenticationPage.verifyActivatedBC();",
              "err": {},
              "uuid": "6eed6d65-f918-44be-a6f9-8956c759b913",
              "parentUUID": "bf1b79e5-d516-425c-80dd-5099caadc832",
              "isHook": false,
              "skipped": false
            },
            {
              "title": "verify SMS authenticator is activated or not",
              "fullTitle": "Authentication suite verify SMS authenticator is activated or not",
              "timedOut": null,
              "duration": 2353,
              "state": "passed",
              "speed": "slow",
              "pass": true,
              "fail": false,
              "pending": false,
              "context": null,
              "code": "authenticationPage.activateSMS();\nauthenticationPage.verifyActivatedSMS();",
              "err": {},
              "uuid": "15ebe258-f752-4c00-9cce-88f2ebbb89c2",
              "parentUUID": "bf1b79e5-d516-425c-80dd-5099caadc832",
              "isHook": false,
              "skipped": false
            },
            {
              "title": "verify SMS authenticator is deactivated or not",
              "fullTitle": "Authentication suite verify SMS authenticator is deactivated or not",
              "timedOut": null,
              "duration": 2355,
              "state": "passed",
              "speed": "slow",
              "pass": true,
              "fail": false,
              "pending": false,
              "context": null,
              "code": "authenticationPage.deactivateSMS();\nauthenticationPage.verifyDeactivatedSMS();",
              "err": {},
              "uuid": "0df8c326-6ee3-4ac5-9a81-afc9ff0d9bef",
              "parentUUID": "bf1b79e5-d516-425c-80dd-5099caadc832",
              "isHook": false,
              "skipped": false
            }
          ],
          "suites": [],
          "passes": [
            "4eee7da6-7a45-4891-9926-08dd69389d94",
            "0a2abd5c-c65a-417b-b044-b5e89ecef789",
            "18729b87-2ac3-4d82-b09a-12c02ea012e7",
            "6eed6d65-f918-44be-a6f9-8956c759b913",
            "15ebe258-f752-4c00-9cce-88f2ebbb89c2",
            "0df8c326-6ee3-4ac5-9a81-afc9ff0d9bef"
          ],
          "failures": [],
          "pending": [],
          "skipped": [],
          "duration": 12713,
          "root": false,
          "rootEmpty": false,
          "_timeout": 2000
        }
      ],
      "passes": [],
      "failures": [],
      "pending": [],
      "skipped": [],
      "duration": 0,
      "root": true,
      "rootEmpty": true,
      "_timeout": 2000
    },
    {
      "uuid": "70468201-555d-4039-ba34-85fc866f8336",
      "title": "",
      "fullFile": "cypress\\integration\\TestSuite\\DeviceFunctionlities.spec.js",
      "file": "cypress\\integration\\TestSuite\\DeviceFunctionlities.spec.js",
      "beforeHooks": [],
      "afterHooks": [],
      "tests": [],
      "suites": [
        {
          "uuid": "6a304b5b-b891-4a49-92af-49c89eecb6b9",
          "title": "Device suite",
          "fullFile": "",
          "file": "",
          "beforeHooks": [],
          "afterHooks": [],
          "tests": [
            {
              "title": "Navigate to device page and verify devices",
              "fullTitle": "Device suite Navigate to device page and verify devices",
              "timedOut": null,
              "duration": 7954,
              "state": "passed",
              "speed": "slow",
              "pass": true,
              "fail": false,
              "pending": false,
              "context": null,
              "code": "deviceManagementPage.verifyDeviceManagementPage();",
              "err": {},
              "uuid": "f5c101a3-1ba5-4f8e-8623-e1219d1f8566",
              "parentUUID": "6a304b5b-b891-4a49-92af-49c89eecb6b9",
              "isHook": false,
              "skipped": false
            },
            {
              "title": "Add new device and verify",
              "fullTitle": "Device suite Add new device and verify",
              "timedOut": null,
              "duration": 11803,
              "state": "passed",
              "speed": "slow",
              "pass": true,
              "fail": false,
              "pending": false,
              "context": null,
              "code": "deviceManagementPage.addDevice(this.data.deviceManagement.macAddress, this.data.deviceManagement.door0, this.data.deviceManagement.door1);\ndeviceManagementPage.verifyAddedDevices(this.data.deviceManagement.doors);",
              "err": {},
              "uuid": "95f2c31d-262e-4222-8fbc-8214db5e6aac",
              "parentUUID": "6a304b5b-b891-4a49-92af-49c89eecb6b9",
              "isHook": false,
              "skipped": false
            },
            {
              "title": "Add already added device and verify",
              "fullTitle": "Device suite Add already added device and verify",
              "timedOut": null,
              "duration": 2053,
              "state": "passed",
              "speed": "slow",
              "pass": true,
              "fail": false,
              "pending": false,
              "context": null,
              "code": "deviceManagementPage.addDevice(this.data.deviceManagement.macAddress, this.data.deviceManagement.door0, this.data.deviceManagement.door1);\ndeviceManagementPage.verifyErrorMessage();",
              "err": {},
              "uuid": "de2f183c-69f0-4c21-83e7-a78cd4fcfb2a",
              "parentUUID": "6a304b5b-b891-4a49-92af-49c89eecb6b9",
              "isHook": false,
              "skipped": false
            },
            {
              "title": "Press toggle button and verify toggle status",
              "fullTitle": "Device suite Press toggle button and verify toggle status",
              "timedOut": null,
              "duration": 10457,
              "state": "passed",
              "speed": "slow",
              "pass": true,
              "fail": false,
              "pending": false,
              "context": null,
              "code": "deviceManagementPage.searchDevices(this.data.deviceManagement.deviceName);\ndeviceManagementPage.clickonToggle(this.data.deviceManagement.deviceName);\ndeviceManagementPage.verifyToggleStatus(this.data.deviceManagement.deviceName, this.data.deviceManagement.toggleStatusenable);\ndeviceManagementPage.clickonToggle(this.data.deviceManagement.deviceName);\ndeviceManagementPage.verifyToggleStatus(this.data.deviceManagement.deviceName, this.data.deviceManagement.toggleStatusdisable);\ndeviceManagementPage.clickOnClearSearch();",
              "err": {},
              "uuid": "f868f553-be96-4f8c-b0ca-917b4998c64f",
              "parentUUID": "6a304b5b-b891-4a49-92af-49c89eecb6b9",
              "isHook": false,
              "skipped": false
            },
            {
              "title": "Rename device and verify",
              "fullTitle": "Device suite Rename device and verify",
              "timedOut": null,
              "duration": 4158,
              "state": "passed",
              "speed": "slow",
              "pass": true,
              "fail": false,
              "pending": false,
              "context": null,
              "code": "deviceManagementPage.searchDevices(this.data.deviceManagement.deviceName);\ndeviceManagementPage.renameDevice(this.data.deviceManagement.deviceName, this.data.deviceManagement.newDeviceName, this.data.deviceManagement.btrue);",
              "err": {},
              "uuid": "6c3ad057-a199-4b93-95c3-003203036df9",
              "parentUUID": "6a304b5b-b891-4a49-92af-49c89eecb6b9",
              "isHook": false,
              "skipped": false
            },
            {
              "title": "Cancel rename device and verify",
              "fullTitle": "Device suite Cancel rename device and verify",
              "timedOut": null,
              "duration": 28565,
              "state": "passed",
              "speed": "slow",
              "pass": true,
              "fail": false,
              "pending": false,
              "context": null,
              "code": "deviceManagementPage.searchDevices(this.data.deviceManagement.newDeviceName);\ndeviceManagementPage.renameDevice(this.data.deviceManagement.newDeviceName, this.data.deviceManagement.deviceName, this.data.deviceManagement.bfalse);",
              "err": {},
              "uuid": "2ec16e1f-6c3a-486f-887c-8d09b45ec800",
              "parentUUID": "6a304b5b-b891-4a49-92af-49c89eecb6b9",
              "isHook": false,
              "skipped": false
            },
            {
              "title": "Rename device with naughty string and verify",
              "fullTitle": "Device suite Rename device with naughty string and verify",
              "timedOut": null,
              "duration": 12108,
              "state": "failed",
              "speed": "slow",
              "pass": false,
              "fail": true,
              "pending": false,
              "context": null,
              "code": "deviceManagementPage.searchDevices(this.data.deviceManagement.newDeviceName);\ndeviceManagementPage.renameDevice(this.data.deviceManagement.newDeviceName, this.data.deviceManagement.naughtyInput, this.data.deviceManagement.btrue);",
              "err": {
                "message": "CypressError: `cy.click()` can only be called on a single element. Your subject contained 2 elements. Pass `{ multiple: true }` if you want to serially click each element.\n\nhttps://on.cypress.io/click\n\nBecause this error occurred during a `after all` hook we are skipping all of the remaining tests.",
                "estack": "CypressError: `cy.click()` can only be called on a single element. Your subject contained 2 elements. Pass `{ multiple: true }` if you want to serially click each element.\n\nhttps://on.cypress.io/click\n\nBecause this error occurred during a `after all` hook we are skipping all of the remaining tests.\n    at mouseAction (https://n3xt.stage.bioconnect.cloud/__cypress/runner/cypress_runner.js:151230:17)\n    at Context.click (https://n3xt.stage.bioconnect.cloud/__cypress/runner/cypress_runner.js:151374:14)\n    at Context.<anonymous> (https://n3xt.stage.bioconnect.cloud/__cypress/runner/cypress_runner.js:168170:21)\nFrom Your Spec Code:\n    at DeviceManagementPage.deleteDevice (https://n3xt.stage.bioconnect.cloud/__cypress/tests?p=cypress\\integration\\TestSuite\\DeviceFunctionlities.spec.js:410:30)\n    at Context.eval (https://n3xt.stage.bioconnect.cloud/__cypress/tests?p=cypress\\integration\\TestSuite\\DeviceFunctionlities.spec.js:99:24)",
                "diff": null
              },
              "uuid": "a63a0fd1-fe0b-46f9-8df9-9798601956c8",
              "parentUUID": "6a304b5b-b891-4a49-92af-49c89eecb6b9",
              "isHook": false,
              "skipped": false
            }
          ],
          "suites": [],
          "passes": [
            "f5c101a3-1ba5-4f8e-8623-e1219d1f8566",
            "95f2c31d-262e-4222-8fbc-8214db5e6aac",
            "de2f183c-69f0-4c21-83e7-a78cd4fcfb2a",
            "f868f553-be96-4f8c-b0ca-917b4998c64f",
            "6c3ad057-a199-4b93-95c3-003203036df9",
            "2ec16e1f-6c3a-486f-887c-8d09b45ec800"
          ],
          "failures": [
            "a63a0fd1-fe0b-46f9-8df9-9798601956c8"
          ],
          "pending": [],
          "skipped": [],
          "duration": 77098,
          "root": false,
          "rootEmpty": false,
          "_timeout": 2000
        }
      ],
      "passes": [],
      "failures": [],
      "pending": [],
      "skipped": [],
      "duration": 0,
      "root": true,
      "rootEmpty": true,
      "_timeout": 2000
    },
    {
      "uuid": "6bfe3ea9-c0c4-45bd-b107-5581a90fa2c9",
      "title": "",
      "fullFile": "cypress\\integration\\TestSuite\\GroupFunctionalities.spec.js",
      "file": "cypress\\integration\\TestSuite\\GroupFunctionalities.spec.js",
      "beforeHooks": [],
      "afterHooks": [],
      "tests": [],
      "suites": [
        {
          "uuid": "8ccf2bd6-c6ed-4678-974b-56d2f8c8cfc8",
          "title": "Group suite",
          "fullFile": "",
          "file": "",
          "beforeHooks": [],
          "afterHooks": [],
          "tests": [
            {
              "title": "Navigate and verify Group Management page",
              "fullTitle": "Group suite Navigate and verify Group Management page",
              "timedOut": null,
              "duration": 5799,
              "state": "passed",
              "speed": "slow",
              "pass": true,
              "fail": false,
              "pending": false,
              "context": null,
              "code": "menuOptionsPage.clickonGroupIcon();\ngroupManagementPage.verifyGroupPage();",
              "err": {},
              "uuid": "cb6b9750-14ce-4bc5-9bcc-6a69444c3443",
              "parentUUID": "8ccf2bd6-c6ed-4678-974b-56d2f8c8cfc8",
              "isHook": false,
              "skipped": false
            },
            {
              "title": "Create Group and verify details",
              "fullTitle": "Group suite Create Group and verify details",
              "timedOut": null,
              "duration": 20258,
              "state": "passed",
              "speed": "slow",
              "pass": true,
              "fail": false,
              "pending": false,
              "context": null,
              "code": "groupManagementPage.addGroup(this.data.groupManagement.groupName, this.data.groupManagement.description, this.data.groupManagement.emails, this.data.groupManagement.users, this.data.groupManagement.devices);\ngroupManagementPage.verifyAddedGroup(this.data.groupManagement.groupName, this.data.groupManagement.description, this.data.groupManagement.userscount, this.data.groupManagement.devicescount);",
              "err": {},
              "uuid": "3a54aba4-3231-461f-83c0-efe0eff392d8",
              "parentUUID": "8ccf2bd6-c6ed-4678-974b-56d2f8c8cfc8",
              "isHook": false,
              "skipped": false
            },
            {
              "title": "Update Group and verify details",
              "fullTitle": "Group suite Update Group and verify details",
              "timedOut": null,
              "duration": 17930,
              "state": "passed",
              "speed": "slow",
              "pass": true,
              "fail": false,
              "pending": false,
              "context": null,
              "code": "groupManagementPage.updateGroup(this.data.updateGroupDetails.groupName, this.data.updateGroupDetails.users, this.data.updateGroupDetails.devices, this.data.updateGroupDetails.userscount, this.data.updateGroupDetails.devicescount);",
              "err": {},
              "uuid": "4bc245ce-7991-479d-9995-01d8c65935f5",
              "parentUUID": "8ccf2bd6-c6ed-4678-974b-56d2f8c8cfc8",
              "isHook": false,
              "skipped": false
            },
            {
              "title": "delete Group and verify group get deleted or not",
              "fullTitle": "Group suite delete Group and verify group get deleted or not",
              "timedOut": null,
              "duration": 383,
              "state": "passed",
              "speed": "slow",
              "pass": true,
              "fail": false,
              "pending": false,
              "context": null,
              "code": "groupManagementPage.deleteGroup(this.data.updateGroupDetails.groupName);",
              "err": {},
              "uuid": "91a243fc-b11b-4d3f-9a92-5399d121eaae",
              "parentUUID": "8ccf2bd6-c6ed-4678-974b-56d2f8c8cfc8",
              "isHook": false,
              "skipped": false
            },
            {
              "title": "Select no.of users for page and verify",
              "fullTitle": "Group suite Select no.of users for page and verify",
              "timedOut": null,
              "duration": 2511,
              "state": "passed",
              "speed": "slow",
              "pass": true,
              "fail": false,
              "pending": false,
              "context": null,
              "code": "groupManagementPage.paginationInEdtUsers(this.data.pagination.users1, this.data.pagination.users2);",
              "err": {},
              "uuid": "9f50cfa9-03df-46ba-957c-5162d44e9d6e",
              "parentUUID": "8ccf2bd6-c6ed-4678-974b-56d2f8c8cfc8",
              "isHook": false,
              "skipped": false
            },
            {
              "title": "Select no.of devices for page and verify",
              "fullTitle": "Group suite Select no.of devices for page and verify",
              "timedOut": null,
              "duration": 2859,
              "state": "passed",
              "speed": "slow",
              "pass": true,
              "fail": false,
              "pending": false,
              "context": null,
              "code": "groupManagementPage.paginationInEditDevices(this.data.pagination.users1, this.data.pagination.users2);",
              "err": {},
              "uuid": "22966561-f785-42d1-8c86-f7c360841a07",
              "parentUUID": "8ccf2bd6-c6ed-4678-974b-56d2f8c8cfc8",
              "isHook": false,
              "skipped": false
            },
            {
              "title": "verify pagination in Group page",
              "fullTitle": "Group suite verify pagination in Group page",
              "timedOut": null,
              "duration": 30948,
              "state": "failed",
              "speed": null,
              "pass": false,
              "fail": true,
              "pending": false,
              "context": null,
              "code": "groupManagementPage.verifyGroupPagePagination(this.data.pagination.users1, this.data.pagination.users2);",
              "err": {
                "message": "AssertionError: Timed out retrying: Not enough elements found. Found '10', expected '25'.",
                "estack": "AssertionError: Timed out retrying: Not enough elements found. Found '10', expected '25'.\n    at MenuOptionsPage.verifyGroupPagePagination (https://n3xt.stage.bioconnect.cloud/__cypress/tests?p=cypress\\integration\\TestSuite\\GroupFunctionalities.spec.js:501:32)\n    at Context.eval (https://n3xt.stage.bioconnect.cloud/__cypress/tests?p=cypress\\integration\\TestSuite\\GroupFunctionalities.spec.js:86:25)",
                "diff": "- 10\n+ 25\n"
              },
              "uuid": "57e74b1d-5a4c-4ce4-b49e-1473d3085a7c",
              "parentUUID": "8ccf2bd6-c6ed-4678-974b-56d2f8c8cfc8",
              "isHook": false,
              "skipped": false
            }
          ],
          "suites": [],
          "passes": [
            "cb6b9750-14ce-4bc5-9bcc-6a69444c3443",
            "3a54aba4-3231-461f-83c0-efe0eff392d8",
            "4bc245ce-7991-479d-9995-01d8c65935f5",
            "91a243fc-b11b-4d3f-9a92-5399d121eaae",
            "9f50cfa9-03df-46ba-957c-5162d44e9d6e",
            "22966561-f785-42d1-8c86-f7c360841a07"
          ],
          "failures": [
            "57e74b1d-5a4c-4ce4-b49e-1473d3085a7c"
          ],
          "pending": [],
          "skipped": [],
          "duration": 80688,
          "root": false,
          "rootEmpty": false,
          "_timeout": 2000
        }
      ],
      "passes": [],
      "failures": [],
      "pending": [],
      "skipped": [],
      "duration": 0,
      "root": true,
      "rootEmpty": true,
      "_timeout": 2000
    },
    {
      "uuid": "6f31c719-a71b-493f-ab8b-0980e7469392",
      "title": "",
      "fullFile": "cypress\\integration\\TestSuite\\LoginFunctionalities.spec.js",
      "file": "cypress\\integration\\TestSuite\\LoginFunctionalities.spec.js",
      "beforeHooks": [],
      "afterHooks": [],
      "tests": [],
      "suites": [
        {
          "uuid": "d029fbfb-72ce-4a32-8767-d9b2df69a9bf",
          "title": "Login suite",
          "fullFile": "",
          "file": "",
          "beforeHooks": [],
          "afterHooks": [],
          "tests": [
            {
              "title": "Login into BioConnect application with valid credentials",
              "fullTitle": "Login suite Login into BioConnect application with valid credentials",
              "timedOut": null,
              "duration": 8978,
              "state": "passed",
              "speed": "slow",
              "pass": true,
              "fail": false,
              "pending": false,
              "context": null,
              "code": "loginPage.enterUsernameAndPassword(this.data.subDomain, this.data.username, this.data.password);\nloginPage.clickOnLogin();\nuserManagementPage.verifyLogin();\nuserManagementPage.logoutFromApplication();",
              "err": {},
              "uuid": "374f669c-9111-4062-89b4-de381d817bde",
              "parentUUID": "d029fbfb-72ce-4a32-8767-d9b2df69a9bf",
              "isHook": false,
              "skipped": false
            },
            {
              "title": "Login into BioConnect application with invalid subdomain",
              "fullTitle": "Login suite Login into BioConnect application with invalid subdomain",
              "timedOut": null,
              "duration": 2443,
              "state": "passed",
              "speed": "slow",
              "pass": true,
              "fail": false,
              "pending": false,
              "context": null,
              "code": "loginPage.enterUsernameAndPassword(this.data.invalidsubDomain, this.data.username, this.data.password);\nloginPage.clickOnLogin();\nloginPage.verifyLoginError(this.data.errorMessage);",
              "err": {},
              "uuid": "e86a4d0a-528b-4cab-b770-7aaa523fbaeb",
              "parentUUID": "d029fbfb-72ce-4a32-8767-d9b2df69a9bf",
              "isHook": false,
              "skipped": false
            },
            {
              "title": "Login into BioConnect application with invalid password",
              "fullTitle": "Login suite Login into BioConnect application with invalid password",
              "timedOut": null,
              "duration": 2004,
              "state": "passed",
              "speed": "slow",
              "pass": true,
              "fail": false,
              "pending": false,
              "context": null,
              "code": "loginPage.enterUsernameAndPassword(this.data.subDomain, this.data.username, this.data.invalidPassword);\nloginPage.clickOnLogin();\nloginPage.verifyLoginError(this.data.errorMessage);",
              "err": {},
              "uuid": "b97e0398-a5b5-469a-a43c-25cff3c1a147",
              "parentUUID": "d029fbfb-72ce-4a32-8767-d9b2df69a9bf",
              "isHook": false,
              "skipped": false
            },
            {
              "title": "Login into BioConnect application with invalid userName",
              "fullTitle": "Login suite Login into BioConnect application with invalid userName",
              "timedOut": null,
              "duration": 1994,
              "state": "passed",
              "speed": "slow",
              "pass": true,
              "fail": false,
              "pending": false,
              "context": null,
              "code": "loginPage.enterUsernameAndPassword(this.data.subDomain, this.data.invalidUsername, this.data.password);\nloginPage.clickOnLogin();\nloginPage.verifyLoginError(this.data.errorMessage);",
              "err": {},
              "uuid": "be7e07ea-d88d-4b65-bca6-924d1450fec0",
              "parentUUID": "d029fbfb-72ce-4a32-8767-d9b2df69a9bf",
              "isHook": false,
              "skipped": false
            },
            {
              "title": "Login into BioConnect application with empty fields",
              "fullTitle": "Login suite Login into BioConnect application with empty fields",
              "timedOut": null,
              "duration": 1183,
              "state": "passed",
              "speed": "slow",
              "pass": true,
              "fail": false,
              "pending": false,
              "context": null,
              "code": "loginPage.clickOnLogin();\nloginPage.verifyLoginError(this.data.errorMessageForEmptyFields);",
              "err": {},
              "uuid": "15aa9914-ebee-42b6-adb3-b099a4534f9d",
              "parentUUID": "d029fbfb-72ce-4a32-8767-d9b2df69a9bf",
              "isHook": false,
              "skipped": false
            },
            {
              "title": "Login into BioConnect application with Naughty Strings into login fields",
              "fullTitle": "Login suite Login into BioConnect application with Naughty Strings into login fields",
              "timedOut": null,
              "duration": 3644,
              "state": "passed",
              "speed": "slow",
              "pass": true,
              "fail": false,
              "pending": false,
              "context": null,
              "code": "loginPage.enterUsernameAndPassword(this.data.naughtyString, this.data.naughtyString, this.data.naughtyString);\nloginPage.clickOnLogin();\nloginPage.verifyLoginError(this.data.errorMessage);",
              "err": {},
              "uuid": "d711c270-4801-4cb3-98bb-5e3457abef4e",
              "parentUUID": "d029fbfb-72ce-4a32-8767-d9b2df69a9bf",
              "isHook": false,
              "skipped": false
            },
            {
              "title": "Press the \"System Health\" link and verify link redirects to page,status on the \"System Health\" page and click on signin to back to login page",
              "fullTitle": "Login suite Press the \"System Health\" link and verify link redirects to page,status on the \"System Health\" page and click on signin to back to login page",
              "timedOut": null,
              "duration": 3874,
              "state": "passed",
              "speed": "slow",
              "pass": true,
              "fail": false,
              "pending": false,
              "context": null,
              "code": "loginPage.clickonSystemHealthLink();\nstatusPage.verifySystemHealthPage();\nstatusPage.verfiyStatusMessage();\nstatusPage.clickOnSignIn();\nloginPage.verifySignInPage();",
              "err": {},
              "uuid": "aedf8cc4-a442-4751-bd08-c56b45eb585a",
              "parentUUID": "d029fbfb-72ce-4a32-8767-d9b2df69a9bf",
              "isHook": false,
              "skipped": false
            },
            {
              "title": "Press the \"Logout\" link and verify link redirects to login page",
              "fullTitle": "Login suite Press the \"Logout\" link and verify link redirects to login page",
              "timedOut": null,
              "duration": 6797,
              "state": "passed",
              "speed": "slow",
              "pass": true,
              "fail": false,
              "pending": false,
              "context": null,
              "code": "loginPage.enterUsernameAndPassword(this.data.subDomain, this.data.username, this.data.password);\nloginPage.clickOnLogin();\nuserManagementPage.verifyLogin();\nuserManagementPage.logoutFromApplication();\nloginPage.verifySignInPage();",
              "err": {},
              "uuid": "30df1697-f33f-44dc-b384-7192a4fb61ec",
              "parentUUID": "d029fbfb-72ce-4a32-8767-d9b2df69a9bf",
              "isHook": false,
              "skipped": false
            }
          ],
          "suites": [],
          "passes": [
            "374f669c-9111-4062-89b4-de381d817bde",
            "e86a4d0a-528b-4cab-b770-7aaa523fbaeb",
            "b97e0398-a5b5-469a-a43c-25cff3c1a147",
            "be7e07ea-d88d-4b65-bca6-924d1450fec0",
            "15aa9914-ebee-42b6-adb3-b099a4534f9d",
            "d711c270-4801-4cb3-98bb-5e3457abef4e",
            "aedf8cc4-a442-4751-bd08-c56b45eb585a",
            "30df1697-f33f-44dc-b384-7192a4fb61ec"
          ],
          "failures": [],
          "pending": [],
          "skipped": [],
          "duration": 30917,
          "root": false,
          "rootEmpty": false,
          "_timeout": 2000
        }
      ],
      "passes": [],
      "failures": [],
      "pending": [],
      "skipped": [],
      "duration": 0,
      "root": true,
      "rootEmpty": true,
      "_timeout": 2000
    },
    {
      "uuid": "0c56622d-1a12-400f-a4b1-a4300f977e44",
      "title": "",
      "fullFile": "cypress\\integration\\TestSuite\\UserFunctionalities.spec.js",
      "file": "cypress\\integration\\TestSuite\\UserFunctionalities.spec.js",
      "beforeHooks": [],
      "afterHooks": [],
      "tests": [],
      "suites": [
        {
          "uuid": "cdbc6e9d-94fb-406e-88de-f4b3bbb43e10",
          "title": "User suite",
          "fullFile": "",
          "file": "",
          "beforeHooks": [],
          "afterHooks": [],
          "tests": [
            {
              "title": "After logging in to the system, verify the user is taken directly to User Management",
              "fullTitle": "User suite After logging in to the system, verify the user is taken directly to User Management",
              "timedOut": null,
              "duration": 10091,
              "state": "passed",
              "speed": "slow",
              "pass": true,
              "fail": false,
              "pending": false,
              "context": null,
              "code": "loginPage.enterUsernameAndPassword(this.data.subDomain, this.data.username, this.data.password);\nloginPage.clickOnLogin();\nuserManagementPage.verifyLogin();\nuserManagementPage.verifyUserList(this.data.searchUser.name);",
              "err": {},
              "uuid": "d25cf997-710b-4cbf-a217-ab840c4bf2bc",
              "parentUUID": "cdbc6e9d-94fb-406e-88de-f4b3bbb43e10",
              "isHook": false,
              "skipped": false
            },
            {
              "title": "Create new user and verify the new user is created with all information correctly",
              "fullTitle": "User suite Create new user and verify the new user is created with all information correctly",
              "timedOut": null,
              "duration": 10863,
              "state": "passed",
              "speed": "slow",
              "pass": true,
              "fail": false,
              "pending": false,
              "context": null,
              "code": "var email = userManagementPage.addUSers();\nuserManagementPage.deleteUser(email);",
              "err": {},
              "uuid": "2a7cfdb8-1674-44ad-bee7-5872ac92b3f9",
              "parentUUID": "cdbc6e9d-94fb-406e-88de-f4b3bbb43e10",
              "isHook": false,
              "skipped": false
            },
            {
              "title": "Create new user, add card to user and verify the new user is created with card",
              "fullTitle": "User suite Create new user, add card to user and verify the new user is created with card",
              "timedOut": null,
              "duration": 35203,
              "state": "failed",
              "speed": null,
              "pass": false,
              "fail": true,
              "pending": false,
              "context": null,
              "code": "userManagementPage.addUSerswithCard();",
              "err": {
                "message": "AssertionError: Timed out retrying: Expected to find content: 'Add new card for' within the element: <div#title-user-modal.modal_topbar-title.modal_topbar-title--no-actions> but never did.",
                "estack": "AssertionError: Timed out retrying: Expected to find content: 'Add new card for' within the element: <div#title-user-modal.modal_topbar-title.modal_topbar-title--no-actions> but never did.\n    at UserManagementPage.enterAddCardDetailsAndVerify (https://n3xt.stage.bioconnect.cloud/__cypress/tests?p=cypress\\integration\\TestSuite\\UserFunctionalities.spec.js:646:68)\n    at UserManagementPage.addUSerswithCard (https://n3xt.stage.bioconnect.cloud/__cypress/tests?p=cypress\\integration\\TestSuite\\UserFunctionalities.spec.js:633:12)\n    at Context.eval (https://n3xt.stage.bioconnect.cloud/__cypress/tests?p=cypress\\integration\\TestSuite\\UserFunctionalities.spec.js:71:24)",
                "diff": null
              },
              "uuid": "a8601667-ac76-4805-abb7-7362f10b544b",
              "parentUUID": "cdbc6e9d-94fb-406e-88de-f4b3bbb43e10",
              "isHook": false,
              "skipped": false
            },
            {
              "title": "Select multiple users,Enable crads and verify message",
              "fullTitle": "User suite Select multiple users,Enable crads and verify message",
              "timedOut": null,
              "duration": 33223,
              "state": "failed",
              "speed": null,
              "pass": false,
              "fail": true,
              "pending": false,
              "context": null,
              "code": "userManagementPage.selectMultipleUsers(this.data.UserManagement.FirstName, this.data.UserManagement.LastName, this.data.UserManagement.Emails);\nuserManagementPage.ClickEnableOnCardsDropDownAndverify();",
              "err": {
                "message": "AssertionError: Timed out retrying: Expected to find content: 'Add new card for' within the element: <div#title-user-modal.modal_topbar-title.modal_topbar-title--no-actions> but never did.",
                "estack": "AssertionError: Timed out retrying: Expected to find content: 'Add new card for' within the element: <div#title-user-modal.modal_topbar-title.modal_topbar-title--no-actions> but never did.\n    at UserManagementPage.selectMultipleUsers (https://n3xt.stage.bioconnect.cloud/__cypress/tests?p=cypress\\integration\\TestSuite\\UserFunctionalities.spec.js:716:72)\n    at Context.eval (https://n3xt.stage.bioconnect.cloud/__cypress/tests?p=cypress\\integration\\TestSuite\\UserFunctionalities.spec.js:74:24)",
                "diff": null
              },
              "uuid": "72b049d8-efaf-4af8-96f6-ea691d4e2261",
              "parentUUID": "cdbc6e9d-94fb-406e-88de-f4b3bbb43e10",
              "isHook": false,
              "skipped": false
            },
            {
              "title": "Search user by name and verify the user list is filtered correctly",
              "fullTitle": "User suite Search user by name and verify the user list is filtered correctly",
              "timedOut": null,
              "duration": 1533,
              "state": "passed",
              "speed": "slow",
              "pass": true,
              "fail": false,
              "pending": false,
              "context": null,
              "code": "userManagementPage.searchUserAndverify(this.data.searchUser.name);",
              "err": {},
              "uuid": "2a7ee088-fb22-4fb9-b2a5-8b8122abdb7e",
              "parentUUID": "cdbc6e9d-94fb-406e-88de-f4b3bbb43e10",
              "isHook": false,
              "skipped": false
            },
            {
              "title": "Update user details and verify the details are correctly updated",
              "fullTitle": "User suite Update user details and verify the details are correctly updated",
              "timedOut": null,
              "duration": 12807,
              "state": "passed",
              "speed": "slow",
              "pass": true,
              "fail": false,
              "pending": false,
              "context": null,
              "code": "userManagementPage.updateDetails(this.data.updateDetails.firstname, this.data.updateDetails.lastname);",
              "err": {},
              "uuid": "8c6acee8-0ead-4527-8d43-dadb190d5262",
              "parentUUID": "cdbc6e9d-94fb-406e-88de-f4b3bbb43e10",
              "isHook": false,
              "skipped": false
            },
            {
              "title": "verify number of users per page",
              "fullTitle": "User suite verify number of users per page",
              "timedOut": null,
              "duration": 2547,
              "state": "passed",
              "speed": "slow",
              "pass": true,
              "fail": false,
              "pending": false,
              "context": null,
              "code": "userManagementPage.selectUsersPerPage(this.data.pagination.users1, this.data.pagination.users2);",
              "err": {},
              "uuid": "a08af1d4-9d31-4d7c-bb2b-dcafd9a43f9a",
              "parentUUID": "cdbc6e9d-94fb-406e-88de-f4b3bbb43e10",
              "isHook": false,
              "skipped": false
            }
          ],
          "suites": [],
          "passes": [
            "d25cf997-710b-4cbf-a217-ab840c4bf2bc",
            "2a7cfdb8-1674-44ad-bee7-5872ac92b3f9",
            "2a7ee088-fb22-4fb9-b2a5-8b8122abdb7e",
            "8c6acee8-0ead-4527-8d43-dadb190d5262",
            "a08af1d4-9d31-4d7c-bb2b-dcafd9a43f9a"
          ],
          "failures": [
            "a8601667-ac76-4805-abb7-7362f10b544b",
            "72b049d8-efaf-4af8-96f6-ea691d4e2261"
          ],
          "pending": [],
          "skipped": [],
          "duration": 106267,
          "root": false,
          "rootEmpty": false,
          "_timeout": 2000
        }
      ],
      "passes": [],
      "failures": [],
      "pending": [],
      "skipped": [],
      "duration": 0,
      "root": true,
      "rootEmpty": true,
      "_timeout": 2000
    },
    {
      "uuid": "c447f7bd-05f4-453d-9b53-3903d80e3ab7",
      "title": "",
      "fullFile": "cypress\\integration\\TestSuite\\AlertFunctionalities.js",
      "file": "cypress\\integration\\TestSuite\\AlertFunctionalities.js",
      "beforeHooks": [],
      "afterHooks": [],
      "tests": [],
      "suites": [
        {
          "uuid": "b6ff3fe8-67c4-405c-9e5a-3020f6475b1b",
          "title": "Alert suite",
          "fullFile": "",
          "file": "",
          "beforeHooks": [],
          "afterHooks": [],
          "tests": [
            {
              "title": "Click on the bell icon to access alerts and verify",
              "fullTitle": "Alert suite Click on the bell icon to access alerts and verify",
              "timedOut": null,
              "duration": 9486,
              "state": "passed",
              "speed": "slow",
              "pass": true,
              "fail": false,
              "pending": false,
              "context": null,
              "code": "alertPage.verifyAlertPage();\nalertPage.verifyAlerts();",
              "err": {},
              "uuid": "5b674f11-21df-4470-8fc5-c6b9879b6b58",
              "parentUUID": "b6ff3fe8-67c4-405c-9e5a-3020f6475b1b",
              "isHook": false,
              "skipped": false
            },
            {
              "title": "Click on the \"x\" icon to close alerts and verify",
              "fullTitle": "Alert suite Click on the \"x\" icon to close alerts and verify",
              "timedOut": null,
              "duration": 2745,
              "state": "passed",
              "speed": "slow",
              "pass": true,
              "fail": false,
              "pending": false,
              "context": null,
              "code": "alertPage.clickOnCloseAlert();\nalertPage.verifyClosedAlert();",
              "err": {},
              "uuid": "d6029d3f-8210-4304-a11e-c59d59ad42a3",
              "parentUUID": "b6ff3fe8-67c4-405c-9e5a-3020f6475b1b",
              "isHook": false,
              "skipped": false
            }
          ],
          "suites": [],
          "passes": [
            "5b674f11-21df-4470-8fc5-c6b9879b6b58",
            "d6029d3f-8210-4304-a11e-c59d59ad42a3"
          ],
          "failures": [],
          "pending": [],
          "skipped": [],
          "duration": 12231,
          "root": false,
          "rootEmpty": false,
          "_timeout": 2000
        }
      ],
      "passes": [],
      "failures": [],
      "pending": [],
      "skipped": [],
      "duration": 0,
      "root": true,
      "rootEmpty": true,
      "_timeout": 2000
    }
  ],
  "meta": {
    "mocha": {
      "version": "7.0.1"
    },
    "mochawesome": {
      "options": {
        "quiet": false,
        "reportFilename": "index",
        "saveHtml": true,
        "saveJson": true,
        "consoleReporter": "spec",
        "useInlineDiffs": false,
        "code": true
      },
      "version": "6.1.1"
    },
    "marge": {
      "options": {
        "reportDir": "cypress/reports/mocha",
        "reportFilename": "index",
        "overwrite": false,
        "html": true,
        "json": true,
        "charts": true
      },
      "version": "5.1.0"
    }
  }
}